Connecting to a selected database...
Connected database successfully...
Creating statement...
ID: 11, Name: Testabcd, Question: majkdhs
, Answer: aascdasdID: 12, Name: Testabcde, Question: majkdhs
, Answer: aascdasdID: 13, Name: Testabc, Question: majkdhs
, Answer: aascdasdID: 14, Name: Testabcd, Question: majkdhs
, Answer: aascdasdID: 15, Name: Testabcde, Question: majkdhs
, Answer: aascdasdID: 16, Name: Testabc, Question: majkdhs
, Answer: aascdasdID: 17, Name: Testabcd, Question: majkdhs
, Answer: aascdasdID: 18, Name: Testabcde, Question: majkdhs
, Answer: aascdasdID: 19, Name: Testabc, Question: majkdhs
, Answer: aascdasdID: 20, Name: Testabcd, Question: majkdhs
, Answer: aascdasdID: 21, Name: Testabcde, Question: majkdhs
, Answer: aascdasdID: 22, Name: Testabc, Question: majkdhs
, Answer: aascdasdID: 23, Name: Testabcd, Question: majkdhs
, Answer: aascdasdID: 24, Name: Testabcde, Question: majkdhs
, Answer: aascdasdID: 25, Name: Testabc, Question: majkdhs
, Answer: aascdasdID: 26, Name: Testabcd, Question: majkdhs
, Answer: aascdasdID: 27, Name: Testabcde, Question: majkdhs
, Answer: aascdasdID: 28, Name: Testabc, Question: majkdhs
, Answer: aascdasdID: 29, Name: Testabcd, Question: majkdhs
, Answer: aascdasdID: 30, Name: Testabcde, Question: majkdhs
, Answer: aascdasdID: 31, Name: Testabc, Question: majkdhs
, Answer: aascdasdID: 32, Name: Testabcd, Question: majkdhs
, Answer: aascdasdID: 33, Name: Testabcde, Question: majkdhs
, Answer: aascdasdID: 34, Name: Testabc, Question: majkdhs
, Answer: aascdasdID: 35, Name: Testabcd, Question: majkdhs
, Answer: aascdasdID: 36, Name: Testabcde, Question: majkdhs
, Answer: aascdasdID: 37, Name: Testabc, Question: majkdhs
, Answer: aascdasdID: 38, Name: Testabcd, Question: majkdhs
, Answer: aascdasdID: 39, Name: Testabcde, Question: majkdhs
, Answer: aascdasdID: 40, Name: Testabc, Question: majkdhs
, Answer: aascdasdID: 41, Name: Testabc, Question: majkdhs
, Answer: aascdasdID: 42, Name: Testabc, Question: majkdhs
, Answer: aascdasdID: 43, Name: Testabc, Question: majkdhs
, Answer: aascdasdID: 44, Name: Testabc, Question: majkdhs
, Answer: aascdasdID: 45, Name: Testabc, Question: majkdhs
, Answer: aascdasdID: 46, Name: Testabc, Question: majkdhs
, Answer: aascdasdID: 47, Name: Testabc, Question: majkdhs
, Answer: aascdasdID: 48, Name: Testabc, Question: majkdhs
, Answer: aascdasdID: 49, Name: Testabc, Question: majkdhs
, Answer: aascdasdID: 50, Name: Testabc, Question: majkdhs
, Answer: aascdasdID: 51, Name: Testabc, Question: majkdhs
, Answer: aascdasdID: 52, Name: Testabc, Question: majkdhs
, Answer: aascdasdID: 53, Name: Testabc, Question: majkdhs
, Answer: aascdasdID: 54, Name: Testabc, Question: majkdhs
, Answer: aascdasdID: 55, Name: Testabc, Question: majkdhs
, Answer: aascdasdID: 56, Name: Testabc, Question: majkdhs
, Answer: aascdasdID: 57, Name: Testabc, Question: majkdhs
, Answer: aascdasdID: 58, Name: Testabc, Question: majkdhs
, Answer: aascdasdID: 59, Name: Testabc, Question: majkdhs
, Answer: aascdasdID: 60, Name: Testabc, Question: majkdhs
, Answer: aascdasdID: 61, Name: Testabc, Question: majkdhs
, Answer: aascdasdID: 62, Name: Testabc, Question: majkdhs
, Answer: aascdasdID: 63, Name: Testabc, Question: majkdhs
, Answer: aascdasdID: 64, Name: Testabc, Question: majkdhs
, Answer: aascdasdID: 65, Name: Testabc, Question: majkdhs
, Answer: aascdasdID: 66, Name: Testabc, Question: majkdhs
, Answer: aascdasdID: 67, Name: Testabc, Question: majkdhs
, Answer: aascdasdID: 68, Name: Testabc, Question: majkdhs
, Answer: aascdasdID: 69, Name: Testabc, Question: majkdhs
, Answer: aascdasdID: 70, Name: Testabc, Question: majkdhs
, Answer: aascdasdID: 71, Name: Testabc, Question: majkdhs
, Answer: aascdasdID: 72, Name: Testabc, Question: majkdhs
, Answer: aascdasdID: 73, Name: Testabc, Question: majkdhs
, Answer: aascdasdID: 74, Name: Testabc, Question: majkdhs
, Answer: aascdasdID: 75, Name: Testabc, Question: majkdhs
, Answer: aascdasdID: 76, Name: Testabc, Question: majkdhs
, Answer: aascdasdID: 77, Name: Testabc, Question: majkdhs
, Answer: aascdasdID: 78, Name: Testabc, Question: majkdhs
, Answer: aascdasdID: 79, Name: Testabc, Question: majkdhs
, Answer: aascdasdID: 80, Name: Testabc, Question: majkdhs
, Answer: aascdasdID: 81, Name: Testabc, Question: majkdhs
, Answer: aascdasdID: 82, Name: Testabc, Question: majkdhs
, Answer: aascdasdGoodbye!
